c:\users\haagj\documents\lux\luxengine\lib\bin\debug\freetype.pdb
c:\users\haagj\documents\lux\luxengine\lib\bin\debug\freetype.idb
d:\dev\devlux\luxengine\lib\obj\debug\ftbitmap.obj
d:\dev\devlux\luxengine\lib\obj\debug\ftinit.obj
d:\dev\devlux\luxengine\lib\obj\debug\cff.obj
d:\dev\devlux\luxengine\lib\obj\debug\svg.obj
d:\dev\devlux\luxengine\lib\obj\debug\ftfstype.obj
d:\dev\devlux\luxengine\lib\obj\debug\fttype1.obj
d:\dev\devlux\luxengine\lib\obj\debug\psaux.obj
d:\dev\devlux\luxengine\lib\obj\debug\ftsystem.obj
d:\dev\devlux\luxengine\lib\obj\debug\ftbzip2.obj
d:\dev\devlux\luxengine\lib\obj\debug\pcf.obj
d:\dev\devlux\luxengine\lib\obj\debug\ftglyph.obj
d:\dev\devlux\luxengine\lib\obj\debug\ftstroke.obj
d:\dev\devlux\luxengine\lib\obj\debug\psnames.obj
d:\dev\devlux\luxengine\lib\obj\debug\truetype.obj
d:\dev\devlux\luxengine\lib\obj\debug\autofit.obj
d:\dev\devlux\luxengine\lib\obj\debug\ftcache.obj
d:\dev\devlux\luxengine\lib\obj\debug\sfnt.obj
d:\dev\devlux\luxengine\lib\obj\debug\ftbbox.obj
d:\dev\devlux\luxengine\lib\obj\debug\ftwinfnt.obj
d:\dev\devlux\luxengine\lib\obj\debug\pshinter.obj
d:\dev\devlux\luxengine\lib\obj\debug\type1.obj
d:\dev\devlux\luxengine\lib\obj\debug\ftgxval.obj
d:\dev\devlux\luxengine\lib\obj\debug\ftpfr.obj
d:\dev\devlux\luxengine\lib\obj\debug\pfr.obj
d:\dev\devlux\luxengine\lib\obj\debug\ftbase.obj
d:\dev\devlux\luxengine\lib\obj\debug\bdf.obj
d:\dev\devlux\luxengine\lib\obj\debug\sdf.obj
d:\dev\devlux\luxengine\lib\obj\debug\ftbdf.obj
d:\dev\devlux\luxengine\lib\obj\debug\ftmm.obj
d:\dev\devlux\luxengine\lib\obj\debug\ftlzw.obj
d:\dev\devlux\luxengine\lib\obj\debug\smooth.obj
d:\dev\devlux\luxengine\lib\obj\debug\ftcid.obj
d:\dev\devlux\luxengine\lib\obj\debug\ftpatent.obj
d:\dev\devlux\luxengine\lib\obj\debug\type1cid.obj
d:\dev\devlux\luxengine\lib\obj\debug\winfnt.obj
d:\dev\devlux\luxengine\lib\obj\debug\ftdebug.obj
d:\dev\devlux\luxengine\lib\obj\debug\ftotval.obj
d:\dev\devlux\luxengine\lib\obj\debug\ftgzip.obj
d:\dev\devlux\luxengine\lib\obj\debug\ftgasp.obj
d:\dev\devlux\luxengine\lib\obj\debug\ftsynth.obj
d:\dev\devlux\luxengine\lib\obj\debug\raster.obj
d:\dev\devlux\luxengine\lib\obj\debug\type42.obj
d:\dev\devlux\luxengine\lib\bin\debug\freetype.pdb
d:\dev\devlux\luxengine\lib\bin\debug\freetype.lib
d:\dev\devlux\luxengine\lib\obj\debug\freetype.tlog\cl.command.1.tlog
d:\dev\devlux\luxengine\lib\obj\debug\freetype.tlog\cl.read.1.tlog
d:\dev\devlux\luxengine\lib\obj\debug\freetype.tlog\cl.write.1.tlog
d:\dev\devlux\luxengine\lib\obj\debug\freetype.tlog\lib-link.read.1.tlog
d:\dev\devlux\luxengine\lib\obj\debug\freetype.tlog\lib-link.write.1.tlog
d:\dev\devlux\luxengine\lib\obj\debug\freetype.tlog\lib.command.1.tlog
